0 info it worked if it ends with ok
1 verbose cli [ 'C:\\Program Files\\nodejs\\node.exe',
1 verbose cli   'C:\\Program Files\\nodejs\\node_modules\\npm\\bin\\npm-cli.js',
1 verbose cli   'install',
1 verbose cli   'bootsrap',
1 verbose cli   '--save' ]
2 info using npm@2.15.5
3 info using node@v4.4.6
4 verbose install initial load of D:\TrainingProjects\angular2-forms\package.json
5 warn package.json angular2-quickstart@1.0.0 No description
6 warn package.json angular2-quickstart@1.0.0 No repository field.
7 warn package.json angular2-quickstart@1.0.0 No README data
8 verbose installManyTop reading scoped package data from D:\TrainingProjects\angular2-forms\node_modules\angular2-in-memory-web-api\package.json
9 verbose installManyTop reading scoped package data from D:\TrainingProjects\angular2-forms\node_modules\bootstrap\package.json
10 verbose installManyTop reading scoped package data from D:\TrainingProjects\angular2-forms\node_modules\concurrently\package.json
11 verbose installManyTop reading scoped package data from D:\TrainingProjects\angular2-forms\node_modules\core-js\package.json
12 verbose installManyTop reading scoped package data from D:\TrainingProjects\angular2-forms\node_modules\lite-server\package.json
13 verbose installManyTop reading scoped package data from D:\TrainingProjects\angular2-forms\node_modules\reflect-metadata\package.json
14 verbose installManyTop reading scoped package data from D:\TrainingProjects\angular2-forms\node_modules\rxjs\package.json
15 verbose installManyTop reading scoped package data from D:\TrainingProjects\angular2-forms\node_modules\systemjs\package.json
16 verbose installManyTop reading scoped package data from D:\TrainingProjects\angular2-forms\node_modules\typescript\package.json
17 verbose installManyTop reading scoped package data from D:\TrainingProjects\angular2-forms\node_modules\typings\package.json
18 verbose installManyTop reading scoped package data from D:\TrainingProjects\angular2-forms\node_modules\zone.js\package.json
19 verbose installManyTop reading scoped package data from D:\TrainingProjects\angular2-forms\node_modules\@angular\common\package.json
20 verbose installManyTop reading scoped package data from D:\TrainingProjects\angular2-forms\node_modules\@angular\compiler\package.json
21 verbose installManyTop reading scoped package data from D:\TrainingProjects\angular2-forms\node_modules\@angular\core\package.json
22 verbose installManyTop reading scoped package data from D:\TrainingProjects\angular2-forms\node_modules\@angular\forms\package.json
23 verbose installManyTop reading scoped package data from D:\TrainingProjects\angular2-forms\node_modules\@angular\http\package.json
24 verbose installManyTop reading scoped package data from D:\TrainingProjects\angular2-forms\node_modules\@angular\platform-browser\package.json
25 verbose installManyTop reading scoped package data from D:\TrainingProjects\angular2-forms\node_modules\@angular\platform-browser-dynamic\package.json
26 verbose installManyTop reading scoped package data from D:\TrainingProjects\angular2-forms\node_modules\@angular\router\package.json
27 verbose installManyTop reading scoped package data from D:\TrainingProjects\angular2-forms\node_modules\@angular\router-deprecated\package.json
28 verbose installManyTop reading scoped package data from D:\TrainingProjects\angular2-forms\node_modules\@angular\upgrade\package.json
29 info package.json @angular/common@2.0.0-rc.3 No description
30 info package.json @angular/compiler@2.0.0-rc.3 No description
31 info package.json @angular/core@2.0.0-rc.3 No description
32 info package.json @angular/forms@0.1.1 No description
33 info package.json @angular/http@2.0.0-rc.3 No description
34 info package.json @angular/platform-browser@2.0.0-rc.3 No description
35 info package.json @angular/platform-browser-dynamic@2.0.0-rc.3 No description
36 info package.json @angular/router-deprecated@2.0.0-rc.2 No description
37 info package.json @angular/router@3.0.0-alpha.8 No description
38 info package.json @angular/upgrade@2.0.0-rc.3 No description
39 verbose readDependencies loading dependencies from D:\TrainingProjects\angular2-forms\package.json
40 silly cache add args [ 'bootsrap', null ]
41 verbose cache add spec bootsrap
42 silly cache add parsed spec Result {
42 silly cache add   raw: 'bootsrap',
42 silly cache add   scope: null,
42 silly cache add   name: 'bootsrap',
42 silly cache add   rawSpec: '',
42 silly cache add   spec: 'latest',
42 silly cache add   type: 'tag' }
43 silly addNamed bootsrap@latest
44 verbose addNamed "latest" is being treated as a dist-tag for bootsrap
45 info addNameTag [ 'bootsrap', 'latest' ]
46 silly mapToRegistry name bootsrap
47 silly mapToRegistry using default registry
48 silly mapToRegistry registry https://registry.npmjs.org/
49 silly mapToRegistry data Result {
49 silly mapToRegistry   raw: 'bootsrap',
49 silly mapToRegistry   scope: null,
49 silly mapToRegistry   name: 'bootsrap',
49 silly mapToRegistry   rawSpec: '',
49 silly mapToRegistry   spec: 'latest',
49 silly mapToRegistry   type: 'tag' }
50 silly mapToRegistry uri https://registry.npmjs.org/bootsrap
51 verbose addNameTag registry:https://registry.npmjs.org/bootsrap not in flight; fetching
52 verbose request uri https://registry.npmjs.org/bootsrap
53 verbose request no auth needed
54 info attempt registry request try #1 at 15:44:26
55 verbose request id 7634479d77a1e1db
56 http request GET https://registry.npmjs.org/bootsrap
57 http 404 https://registry.npmjs.org/bootsrap
58 verbose headers { 'content-type': 'application/json',
58 verbose headers   'cache-control': 'max-age=0',
58 verbose headers   'content-length': '2',
58 verbose headers   'accept-ranges': 'bytes',
58 verbose headers   date: 'Thu, 30 Jun 2016 12:46:05 GMT',
58 verbose headers   via: '1.1 varnish',
58 verbose headers   age: '0',
58 verbose headers   connection: 'keep-alive',
58 verbose headers   'x-served-by': 'cache-fra1223-FRA',
58 verbose headers   'x-cache': 'MISS',
58 verbose headers   'x-cache-hits': '0',
58 verbose headers   'x-timer': 'S1467290765.528494,VS0,VE193',
58 verbose headers   vary: 'Accept-Encoding' }
59 silly get cb [ 404,
59 silly get   { 'content-type': 'application/json',
59 silly get     'cache-control': 'max-age=0',
59 silly get     'content-length': '2',
59 silly get     'accept-ranges': 'bytes',
59 silly get     date: 'Thu, 30 Jun 2016 12:46:05 GMT',
59 silly get     via: '1.1 varnish',
59 silly get     age: '0',
59 silly get     connection: 'keep-alive',
59 silly get     'x-served-by': 'cache-fra1223-FRA',
59 silly get     'x-cache': 'MISS',
59 silly get     'x-cache-hits': '0',
59 silly get     'x-timer': 'S1467290765.528494,VS0,VE193',
59 silly get     vary: 'Accept-Encoding' } ]
60 verbose stack Error: Registry returned 404 for GET on https://registry.npmjs.org/bootsrap
60 verbose stack     at makeError (C:\Program Files\nodejs\node_modules\npm\node_modules\npm-registry-client\lib\request.js:264:12)
60 verbose stack     at CachingRegistryClient.<anonymous> (C:\Program Files\nodejs\node_modules\npm\node_modules\npm-registry-client\lib\request.js:242:14)
60 verbose stack     at Request._callback (C:\Program Files\nodejs\node_modules\npm\node_modules\npm-registry-client\lib\request.js:172:14)
60 verbose stack     at Request.self.callback (C:\Program Files\nodejs\node_modules\npm\node_modules\request\request.js:200:22)
60 verbose stack     at emitTwo (events.js:87:13)
60 verbose stack     at Request.emit (events.js:172:7)
60 verbose stack     at Request.<anonymous> (C:\Program Files\nodejs\node_modules\npm\node_modules\request\request.js:1067:10)
60 verbose stack     at emitOne (events.js:82:20)
60 verbose stack     at Request.emit (events.js:169:7)
60 verbose stack     at IncomingMessage.<anonymous> (C:\Program Files\nodejs\node_modules\npm\node_modules\request\request.js:988:12)
61 verbose statusCode 404
62 verbose pkgid bootsrap
63 verbose cwd D:\TrainingProjects\angular2-forms
64 error Windows_NT 6.3.9600
65 error argv "C:\\Program Files\\nodejs\\node.exe" "C:\\Program Files\\nodejs\\node_modules\\npm\\bin\\npm-cli.js" "install" "bootsrap" "--save"
66 error node v4.4.6
67 error npm  v2.15.5
68 error code E404
69 error 404 Registry returned 404 for GET on https://registry.npmjs.org/bootsrap
69 error 404
69 error 404 'bootsrap' is not in the npm registry.
69 error 404 You should bug the author to publish it (or use the name yourself!)
69 error 404 It was specified as a dependency of 'angular2-quickstart'
69 error 404
69 error 404 Note that you can also install from a
69 error 404 tarball, folder, http url, or git url.
70 verbose exit [ 1, true ]
